Determining if the pthread_create exist failed with the following output:
Change Dir: /home/travis/.julia/v0.5/NaquadahBrowser/deps/src/glfw-3.2.1/CMakeFiles/CMakeTmp

Run Build Command:"/usr/bin/make" "cmTC_3e4bc/fast"
/usr/bin/make -f CMakeFiles/cmTC_3e4bc.dir/build.make CMakeFiles/cmTC_3e4bc.dir/build
make[1]: Entering directory '/home/travis/.julia/v0.5/NaquadahBrowser/deps/src/glfw-3.2.1/CMakeFiles/CMakeTmp'
Building C object CMakeFiles/cmTC_3e4bc.dir/CheckSymbolExists.c.o
/usr/bin/cc     -o CMakeFiles/cmTC_3e4bc.dir/CheckSymbolExists.c.o   -c /home/travis/.julia/v0.5/NaquadahBrowser/deps/src/glfw-3.2.1/CMakeFiles/CMakeTmp/CheckSymbolExists.c
Linking C executable cmTC_3e4bc
/usr/bin/cmake -E cmake_link_script CMakeFiles/cmTC_3e4bc.dir/link.txt --verbose=1
/usr/bin/cc       CMakeFiles/cmTC_3e4bc.dir/CheckSymbolExists.c.o  -o cmTC_3e4bc -rdynamic 
CMakeFiles/cmTC_3e4bc.dir/CheckSymbolExists.c.o: In function `main':
CheckSymbolExists.c:(.text+0x16): undefined reference to `pthread_create'
collect2: error: ld returned 1 exit status
CMakeFiles/cmTC_3e4bc.dir/build.make:97: recipe for target 'cmTC_3e4bc' failed
make[1]: *** [cmTC_3e4bc] Error 1
make[1]: Leaving directory '/home/travis/.julia/v0.5/NaquadahBrowser/deps/src/glfw-3.2.1/CMakeFiles/CMakeTmp'
Makefile:126: recipe for target 'cmTC_3e4bc/fast' failed
make: *** [cmTC_3e4bc/fast] Error 2

File /home/travis/.julia/v0.5/NaquadahBrowser/deps/src/glfw-3.2.1/CMakeFiles/CMakeTmp/CheckSymbolExists.c:
/* */
#include <pthread.h>

int main(int argc, char** argv)
{
  (void)argv;
#ifndef pthread_create
  return ((int*)(&pthread_create))[argc];
#else
  (void)argc;
  return 0;
#endif
}

Determining if the function pthread_create exists in the pthreads failed with the following output:
Change Dir: /home/travis/.julia/v0.5/NaquadahBrowser/deps/src/glfw-3.2.1/CMakeFiles/CMakeTmp

Run Build Command:"/usr/bin/make" "cmTC_1f75c/fast"
/usr/bin/make -f CMakeFiles/cmTC_1f75c.dir/build.make CMakeFiles/cmTC_1f75c.dir/build
make[1]: Entering directory '/home/travis/.julia/v0.5/NaquadahBrowser/deps/src/glfw-3.2.1/CMakeFiles/CMakeTmp'
Building C object CMakeFiles/cmTC_1f75c.dir/CheckFunctionExists.c.o
/usr/bin/cc    -DCHECK_FUNCTION_EXISTS=pthread_create   -o CMakeFiles/cmTC_1f75c.dir/CheckFunctionExists.c.o   -c /usr/share/cmake-3.5/Modules/CheckFunctionExists.c
Linking C executable cmTC_1f75c
/usr/bin/cmake -E cmake_link_script CMakeFiles/cmTC_1f75c.dir/link.txt --verbose=1
/usr/bin/cc   -DCHECK_FUNCTION_EXISTS=pthread_create    CMakeFiles/cmTC_1f75c.dir/CheckFunctionExists.c.o  -o cmTC_1f75c -rdynamic -lpthreads 
/usr/bin/ld: cannot find -lpthreads
collect2: error: ld returned 1 exit status
CMakeFiles/cmTC_1f75c.dir/build.make:97: recipe for target 'cmTC_1f75c' failed
make[1]: *** [cmTC_1f75c] Error 1
make[1]: Leaving directory '/home/travis/.julia/v0.5/NaquadahBrowser/deps/src/glfw-3.2.1/CMakeFiles/CMakeTmp'
Makefile:126: recipe for target 'cmTC_1f75c/fast' failed
make: *** [cmTC_1f75c/fast] Error 2


